# JRE version: Java(TM) SE Runtime Environment (8.0_77-b03) (build 1.8.0_77-b03)
# Java VM: Java HotSpot(TM) 64-Bit Server VM (25.77-b03 mixed mode bsd-amd64 compressed oops)
Heap:
 PSYoungGen      total 33792K, used 28256K [0x0000000795580000, 0x0000000797a00000, 0x00000007c0000000)
  eden space 31232K, 90% used [0x0000000795580000,0x0000000797100090,0x0000000797400000)
  from space 2560K, 3% used [0x0000000797700000,0x0000000797718000,0x0000000797980000)
  to   space 3072K, 0% used [0x0000000797400000,0x0000000797400000,0x0000000797700000)
 ParOldGen       total 87552K, used 1524K [0x0000000740000000, 0x0000000745580000, 0x0000000795580000)
  object space 87552K, 1% used [0x0000000740000000,0x000000074017d0a8,0x0000000745580000)
 Metaspace       used 7291K, capacity 7451K, committed 7808K, reserved 1056768K
  class space    used 706K, capacity 792K, committed 896K, reserved 1048576K
GC Heap History (10 events):
Event: 9.646 GC heap before
{Heap before GC invocations=4 (full 0):
 PSYoungGen      total 38400K, used 34800K [0x0000000795580000, 0x0000000798000000, 0x00000007c0000000)
  eden space 33280K, 100% used [0x0000000795580000,0x0000000797600000,0x0000000797600000)
  from space 5120K, 29% used [0x0000000797600000,0x000000079777c010,0x0000000797b00000)
  to   space 5120K, 0% used [0x0000000797b00000,0x0000000797b00000,0x0000000798000000)
 ParOldGen       total 87552K, used 32K [0x0000000740000000, 0x0000000745580000, 0x0000000795580000)
  object space 87552K, 0% used [0x0000000740000000,0x0000000740008000,0x0000000745580000)
 Metaspace       used 7254K, capacity 7387K, committed 7552K, reserved 1056768K
  class space    used 705K, capacity 792K, committed 896K, reserved 1048576K
Event: 9.650 GC heap after
Heap after GC invocations=4 (full 0):
 PSYoungGen      total 38400K, used 1568K [0x0000000795580000, 0x0000000798000000, 0x00000007c0000000)
  eden space 33280K, 0% used [0x0000000795580000,0x0000000795580000,0x0000000797600000)
  from space 5120K, 30% used [0x0000000797b00000,0x0000000797c88000,0x0000000798000000)
  to   space 5120K, 0% used [0x0000000797600000,0x0000000797600000,0x0000000797b00000)
 ParOldGen       total 87552K, used 40K [0x0000000740000000, 0x0000000745580000, 0x0000000795580000)
  object space 87552K, 0% used [0x0000000740000000,0x000000074000a000,0x0000000745580000)
 Metaspace       used 7254K, capacity 7387K, committed 7552K, reserved 1056768K
  class space    used 705K, capacity 792K, committed 896K, reserved 1048576K
}
Event: 11.611 GC heap before
{Heap before GC invocations=5 (full 0):
 PSYoungGen      total 38400K, used 34848K [0x0000000795580000, 0x0000000798000000, 0x00000007c0000000)
  eden space 33280K, 100% used [0x0000000795580000,0x0000000797600000,0x0000000797600000)
  from space 5120K, 30% used [0x0000000797b00000,0x0000000797c88000,0x0000000798000000)
  to   space 5120K, 0% used [0x0000000797600000,0x0000000797600000,0x0000000797b00000)
 ParOldGen       total 87552K, used 40K [0x0000000740000000, 0x0000000745580000, 0x0000000795580000)
  object space 87552K, 0% used [0x0000000740000000,0x000000074000a000,0x0000000745580000)
 Metaspace       used 7260K, capacity 7387K, committed 7552K, reserved 1056768K
  class space    used 705K, capacity 792K, committed 896K, reserved 1048576K
Event: 11.617 GC heap after
Heap after GC invocations=5 (full 0):
 PSYoungGen      total 34304K, used 1504K [0x0000000795580000, 0x0000000797b80000, 0x00000007c0000000)
  eden space 32768K, 0% used [0x0000000795580000,0x0000000795580000,0x0000000797580000)
  from space 1536K, 97% used [0x0000000797600000,0x0000000797778020,0x0000000797780000)
  to   space 2560K, 0% used [0x0000000797900000,0x0000000797900000,0x0000000797b80000)
 ParOldGen       total 87552K, used 40K [0x0000000740000000, 0x0000000745580000, 0x0000000795580000)
  object space 87552K, 0% used [0x0000000740000000,0x000000074000a000,0x0000000745580000)
 Metaspace       used 7260K, capacity 7387K, committed 7552K, reserved 1056768K
  class space    used 705K, capacity 792K, committed 896K, reserved 1048576K
}
Event: 13.576 GC heap before
{Heap before GC invocations=6 (full 0):
 PSYoungGen      total 34304K, used 34272K [0x0000000795580000, 0x0000000797b80000, 0x00000007c0000000)
  eden space 32768K, 100% used [0x0000000795580000,0x0000000797580000,0x0000000797580000)
  from space 1536K, 97% used [0x0000000797600000,0x0000000797778020,0x0000000797780000)
  to   space 2560K, 0% used [0x0000000797900000,0x0000000797900000,0x0000000797b80000)
 ParOldGen       total 87552K, used 40K [0x0000000740000000, 0x0000000745580000, 0x0000000795580000)
  object space 87552K, 0% used [0x0000000740000000,0x000000074000a000,0x0000000745580000)
 Metaspace       used 7269K, capacity 7451K, committed 7808K, reserved 1056768K
  class space    used 706K, capacity 792K, committed 896K, reserved 1048576K
Event: 13.584 GC heap after
Heap after GC invocations=6 (full 0):
 PSYoungGen      total 33792K, used 1504K [0x0000000795580000, 0x0000000797a80000, 0x00000007c0000000)
  eden space 32256K, 0% used [0x0000000795580000,0x0000000795580000,0x0000000797500000)
  from space 1536K, 97% used [0x0000000797900000,0x0000000797a78000,0x0000000797a80000)
  to   space 2560K, 0% used [0x0000000797580000,0x0000000797580000,0x0000000797800000)
 ParOldGen       total 87552K, used 48K [0x0000000740000000, 0x0000000745580000, 0x0000000795580000)
  object space 87552K, 0% used [0x0000000740000000,0x000000074000c000,0x0000000745580000)
 Metaspace       used 7269K, capacity 7451K, committed 7808K, reserved 1056768K
  class space    used 706K, capacity 792K, committed 896K, reserved 1048576K
}
Event: 15.427 GC heap before
{Heap before GC invocations=7 (full 0):
 PSYoungGen      total 33792K, used 33760K [0x0000000795580000, 0x0000000797a80000, 0x00000007c0000000)
  eden space 32256K, 100% used [0x0000000795580000,0x0000000797500000,0x0000000797500000)
  from space 1536K, 97% used [0x0000000797900000,0x0000000797a78000,0x0000000797a80000)
  to   space 2560K, 0% used [0x0000000797580000,0x0000000797580000,0x0000000797800000)
 ParOldGen       total 87552K, used 48K [0x0000000740000000, 0x0000000745580000, 0x0000000795580000)
  object space 87552K, 0% used [0x0000000740000000,0x000000074000c000,0x0000000745580000)
 Metaspace       used 7270K, capacity 7451K, committed 7808K, reserved 1056768K
  class space    used 706K, capacity 792K, committed 896K, reserved 1048576K
Event: 15.435 GC heap after
Heap after GC invocations=7 (full 0):
 PSYoungGen      total 32256K, used 128K [0x0000000795580000, 0x0000000797980000, 0x00000007c0000000)
  eden space 31744K, 0% used [0x0000000795580000,0x0000000795580000,0x0000000797480000)
  from space 512K, 25% used [0x0000000797580000,0x00000007975a0000,0x0000000797600000)
  to   space 2560K, 0% used [0x0000000797700000,0x0000000797700000,0x0000000797980000)
 ParOldGen       total 87552K, used 1516K [0x0000000740000000, 0x0000000745580000, 0x0000000795580000)
  object space 87552K, 1% used [0x0000000740000000,0x000000074017b0a8,0x0000000745580000)
 Metaspace       used 7270K, capacity 7451K, committed 7808K, reserved 1056768K
  class space    used 706K, capacity 792K, committed 896K, reserved 1048576K
}
Event: 17.244 GC heap before
{Heap before GC invocations=8 (full 0):
 PSYoungGen      total 32256K, used 31872K [0x0000000795580000, 0x0000000797980000, 0x00000007c0000000)
  eden space 31744K, 100% used [0x0000000795580000,0x0000000797480000,0x0000000797480000)
  from space 512K, 25% used [0x0000000797580000,0x00000007975a0000,0x0000000797600000)
  to   space 2560K, 0% used [0x0000000797700000,0x0000000797700000,0x0000000797980000)
 ParOldGen       total 87552K, used 1516K [0x0000000740000000, 0x0000000745580000, 0x0000000795580000)
  object space 87552K, 1% used [0x0000000740000000,0x000000074017b0a8,0x0000000745580000)
 Metaspace       used 7278K, capacity 7451K, committed 7808K, reserved 1056768K
  class space    used 706K, capacity 792K, committed 896K, reserved 1048576K
Event: 17.244 GC heap after
Heap after GC invocations=8 (full 0):
 PSYoungGen      total 33792K, used 96K [0x0000000795580000, 0x0000000797a00000, 0x00000007c0000000)
  eden space 31232K, 0% used [0x0000000795580000,0x0000000795580000,0x0000000797400000)
  from space 2560K, 3% used [0x0000000797700000,0x0000000797718000,0x0000000797980000)
  to   space 3072K, 0% used [0x0000000797400000,0x0000000797400000,0x0000000797700000)
 ParOldGen       total 87552K, used 1524K [0x0000000740000000, 0x0000000745580000, 0x0000000795580000)
  object space 87552K, 1% used [0x0000000740000000,0x000000074017d0a8,0x0000000745580000)
 Metaspace       used 7278K, capacity 7451K, committed 7808K, reserved 1056768K
  class space    used 706K, capacity 792K, committed 896K, reserved 1048576K
}

